<?xml version="1.0" encoding="UTF-8"?>
<testsuite name="com.example.springstudy.repository.MemoryMemberRepositoryTest" tests="3" skipped="0" failures="0" errors="0" timestamp="2023-02-18T08:17:37" hostname="DESKTOP-80PIP6R" time="0.069">
  <properties/>
  <testcase name="findAll()" classname="com.example.springstudy.repository.MemoryMemberRepositoryTest" time="0.063"/>
  <testcase name="findByName()" classname="com.example.springstudy.repository.MemoryMemberRepositoryTest" time="0.002"/>
  <testcase name="save()" classname="com.example.springstudy.repository.MemoryMemberRepositoryTest" time="0.001"/>
  <system-out><![CDATA[]]></system-out>
  <system-err><![CDATA[]]></system-err>
</testsuite>
